<?xml version="1.0" encoding="UTF-8"?>
<!-- Generated by org.testng.reporters.JUnitReportReporter -->
<testsuite skipped="0" hostname="SILCP0102" name="package1.Assertion" tests="3" failures="0" timestamp="17 Oct 2017 09:28:38 GMT" time="15.515" errors="0">
  <testcase name="openGmail" time="8.179" classname="package1.Assertion"/>
  <testcase name="login" time="7.332" classname="package1.Assertion"/>
  <testcase name="ending" time="0.004" classname="package1.Assertion"/>
</testsuite> <!-- package1.Assertion -->
