<?xml version="1.0" encoding="UTF-8"?>
<!-- Generated by org.testng.reporters.JUnitReportReporter -->
<testsuite skipped="0" hostname="SILCP0102" name="package1.Parameter" tests="1" failures="0" timestamp="17 Oct 2017 09:03:19 GMT" time="9.495" errors="0">
  <testcase name="f" time="9.495" classname="package1.Parameter"/>
</testsuite> <!-- package1.Parameter -->
