<?xml version="1.0" encoding="UTF-8"?>
<!-- Generated by org.testng.reporters.JUnitReportReporter -->
<testsuite skipped="0" hostname="SILCP0102" name="package1.Simple" tests="1" failures="0" timestamp="17 Oct 2017 09:03:19 GMT" time="9.477" errors="0">
  <testcase name="f" time="9.477" classname="package1.Simple"/>
</testsuite> <!-- package1.Simple -->
