<?xml version="1.0" encoding="UTF-8"?>
<!-- Generated by org.testng.reporters.JUnitReportReporter -->
<testsuite skipped="0" hostname="SILCP0102" name="package1.Basic" tests="1" failures="0" timestamp="16 Oct 2017 12:31:15 GMT" time="40.117" errors="0">
  <testcase name="f" time="40.117" classname="package1.Basic"/>
</testsuite> <!-- package1.Basic -->
