<?xml version="1.0" encoding="UTF-8"?>
<!-- Generated by org.testng.reporters.JUnitReportReporter -->
<testsuite skipped="0" hostname="SILCP0102" name="package1.DataProvide" tests="2" failures="0" timestamp="17 Oct 2017 09:08:42 GMT" time="0.023" errors="0">
  <testcase name="f" time="0.007" classname="package1.DataProvide"/>
  <testcase name="f" time="0.016" classname="package1.DataProvide"/>
</testsuite> <!-- package1.DataProvide -->
